[    0.000000] Linux version 4.15.0-66-generic (buildd@lgw01-amd64-044) (gcc version 7.4.0 (Ubuntu 7.4.0-1ubuntu1~18.04.1)) #75-Ubuntu SMP Tue Oct 1 05:24:09 UTC 2019 (Ubuntu 4.15.0-66.75-generic 4.15.18)
[    0.000000] Command line: BOOT_IMAGE=/boot/vmlinuz-4.15.0-66-generic root=LABEL=cloudimg-rootfs ro console=tty1 console=ttyS0
[    0.000000] KERNEL supported cpus:
[    0.000000]   Intel GenuineIntel
[    0.000000]   AMD AuthenticAMD
[    0.000000]   Centaur CentaurHauls
[    0.000000] x86/fpu: Supporting XSAVE feature 0x001: 'x87 floating point registers'
[    0.000000] x86/fpu: Supporting XSAVE feature 0x002: 'SSE registers'
[    0.000000] x86/fpu: Supporting XSAVE feature 0x004: 'AVX registers'
[    0.000000] x86/fpu: xstate_offset[2]:  576, xstate_sizes[2]:  256
[    0.000000] x86/fpu: Enabled xstate features 0x7, context size is 832 bytes, using 'standard' format.
[    0.000000] e820: BIOS-provided physical RAM map:
[    0.000000] BIOS-e820: [mem 0x0000000000000000-0x000000000009fbff] usable
[    0.000000] BIOS-e820: [mem 0x000000000009fc00-0x000000000009ffff] reserved
[    0.000000] BIOS-e820: [mem 0x00000000000f0000-0x00000000000fffff] reserved
[    0.000000] BIOS-e820: [mem 0x0000000000100000-0x00000000dffeffff] usable
[    0.000000] BIOS-e820: [mem 0x00000000dfff0000-0x00000000dfffffff] ACPI data
[    0.000000] BIOS-e820: [mem 0x00000000fec00000-0x00000000fec00fff] reserved
[    0.000000] BIOS-e820: [mem 0x00000000fee00000-0x00000000fee00fff] reserved
[    0.000000] BIOS-e820: [mem 0x00000000fffc0000-0x00000000ffffffff] reserved
[    0.000000] BIOS-e820: [mem 0x0000000100000000-0x000000011fffffff] usable
[    0.000000] NX (Execute Disable) protection: active
[    0.000000] SMBIOS 2.5 present.
[    0.000000] DMI: innotek GmbH VirtualBox/VirtualBox, BIOS VirtualBox 12/01/2006
[    0.000000] Hypervisor detected: KVM
[    0.000000] e820: last_pfn = 0x120000 max_arch_pfn = 0x400000000
[    0.000000] MTRR: Disabled
[    0.000000] x86/PAT: MTRRs disabled, skipping PAT initialization too.
[    0.000000] CPU MTRRs all blank - virtualized system.
[    0.000000] x86/PAT: Configuration [0-7]: WB  WT  UC- UC  WB  WT  UC- UC  
[    0.000000] e820: last_pfn = 0xdfff0 max_arch_pfn = 0x400000000
[    0.000000] found SMP MP-table at [mem 0x0009fff0-0x0009ffff]
[    0.000000] Scanning 1 areas for low memory corruption
[    0.000000] RAMDISK: [mem 0x35a8b000-0x36d3cfff]
[    0.000000] ACPI: Early table checksum verification disabled
[    0.000000] ACPI: RSDP 0x00000000000E0000 000024 (v02 VBOX  )
[    0.000000] ACPI: XSDT 0x00000000DFFF0030 00003C (v01 VBOX   VBOXXSDT 00000001 ASL  00000061)
[    0.000000] ACPI: FACP 0x00000000DFFF00F0 0000F4 (v04 VBOX   VBOXFACP 00000001 ASL  00000061)
[    0.000000] ACPI: DSDT 0x00000000DFFF0480 0022EA (v02 VBOX   VBOXBIOS 00000002 INTL 20100528)
[    0.000000] ACPI: FACS 0x00000000DFFF0200 000040
[    0.000000] ACPI: FACS 0x00000000DFFF0200 000040
[    0.000000] ACPI: APIC 0x00000000DFFF0240 00006C (v02 VBOX   VBOXAPIC 00000001 ASL  00000061)
[    0.000000] ACPI: SSDT 0x00000000DFFF02B0 0001CC (v01 VBOX   VBOXCPUT 00000002 INTL 20100528)
[    0.000000] No NUMA configuration found
[    0.000000] Faking a node at [mem 0x0000000000000000-0x000000011fffffff]
[    0.000000] NODE_DATA(0) allocated [mem 0x11ffd1000-0x11fffbfff]
[    0.000000] kvm-clock: cpu 0, msr 1:1ff50001, primary cpu clock
[    0.000000] kvm-clock: Using msrs 4b564d01 and 4b564d00
[    0.000000] kvm-clock: using sched offset of 4460944597 cycles
[    0.000000] clocksource: kvm-clock: mask: 0xffffffffffffffff max_cycles: 0x1cd42e4dffb, max_idle_ns: 881590591483 ns
[    0.000000] Zone ranges:
[    0.000000]   DMA      [mem 0x0000000000001000-0x0000000000ffffff]
[    0.000000]   DMA32    [mem 0x0000000001000000-0x00000000ffffffff]
[    0.000000]   Normal   [mem 0x0000000100000000-0x000000011fffffff]
[    0.000000]   Device   empty
[    0.000000] Movable zone start for each node
[    0.000000] Early memory node ranges
[    0.000000]   node   0: [mem 0x0000000000001000-0x000000000009efff]
[    0.000000]   node   0: [mem 0x0000000000100000-0x00000000dffeffff]
[    0.000000]   node   0: [mem 0x0000000100000000-0x000000011fffffff]
[    0.000000] Reserved but unavailable: 98 pages
[    0.000000] Initmem setup node 0 [mem 0x0000000000001000-0x000000011fffffff]
[    0.000000] ACPI: PM-Timer IO Port: 0x4008
[    0.000000] IOAPIC[0]: apic_id 4, version 32, address 0xfec00000, GSI 0-23
[    0.000000] ACPI: INT_SRC_OVR (bus 0 bus_irq 0 global_irq 2 dfl dfl)
[    0.000000] ACPI: INT_SRC_OVR (bus 0 bus_irq 9 global_irq 9 low level)
[    0.000000] Using ACPI (MADT) for SMP configuration information
[    0.000000] smpboot: Allowing 4 CPUs, 0 hotplug CPUs
[    0.000000] PM: Registered nosave memory: [mem 0x00000000-0x00000fff]
[    0.000000] PM: Registered nosave memory: [mem 0x0009f000-0x0009ffff]
[    0.000000] PM: Registered nosave memory: [mem 0x000a0000-0x000effff]
[    0.000000] PM: Registered nosave memory: [mem 0x000f0000-0x000fffff]
[    0.000000] PM: Registered nosave memory: [mem 0xdfff0000-0xdfffffff]
[    0.000000] PM: Registered nosave memory: [mem 0xe0000000-0xfebfffff]
[    0.000000] PM: Registered nosave memory: [mem 0xfec00000-0xfec00fff]
[    0.000000] PM: Registered nosave memory: [mem 0xfec01000-0xfedfffff]
[    0.000000] PM: Registered nosave memory: [mem 0xfee00000-0xfee00fff]
[    0.000000] PM: Registered nosave memory: [mem 0xfee01000-0xfffbffff]
[    0.000000] PM: Registered nosave memory: [mem 0xfffc0000-0xffffffff]
[    0.000000] e820: [mem 0xe0000000-0xfebfffff] available for PCI devices
[    0.000000] Booting paravirtualized kernel on KVM
[    0.000000] clocksource: refined-jiffies: mask: 0xffffffff max_cycles: 0xffffffff, max_idle_ns: 7645519600211568 ns
[    0.000000] random: get_random_bytes called from start_kernel+0x99/0x4fd with crng_init=0
[    0.000000] setup_percpu: NR_CPUS:8192 nr_cpumask_bits:4 nr_cpu_ids:4 nr_node_ids:1
[    0.000000] percpu: Embedded 46 pages/cpu s151552 r8192 d28672 u524288
[    0.000000] PV qspinlock hash table entries: 256 (order: 0, 4096 bytes)
[    0.000000] Built 1 zonelists, mobility grouping on.  Total pages: 1032057
[    0.000000] Policy zone: Normal
[    0.000000] Kernel command line: BOOT_IMAGE=/boot/vmlinuz-4.15.0-66-generic root=LABEL=cloudimg-rootfs ro console=tty1 console=ttyS0
[    0.000000] Memory: 4013676K/4193848K available (12300K kernel code, 2481K rwdata, 4260K rodata, 2436K init, 2388K bss, 180172K reserved, 0K cma-reserved)
[    0.000000] SLUB: HWalign=64, Order=0-3, MinObjects=0, CPUs=4, Nodes=1
[    0.000000] Kernel/User page tables isolation: enabled
[    0.000000] ftrace: allocating 39306 entries in 154 pages
[    0.004000] Hierarchical RCU implementation.
[    0.004000] 	RCU restricting CPUs from NR_CPUS=8192 to nr_cpu_ids=4.
[    0.004000] 	Tasks RCU enabled.
[    0.004000] RCU: Adjusting geometry for rcu_fanout_leaf=16, nr_cpu_ids=4
[    0.004000] NR_IRQS: 524544, nr_irqs: 456, preallocated irqs: 16
[    0.004000] Console: colour VGA+ 80x25
[    0.004000] console [tty1] enabled
[    0.004000] console [ttyS0] enabled
[    0.004000] ACPI: Core revision 20170831
[    0.004000] ACPI: 2 ACPI AML tables successfully acquired and loaded
[    0.004000] APIC: Switch to symmetric I/O mode setup
[    0.004000] x2apic enabled
[    0.004000] Switched APIC routing to physical x2apic.
[    0.007611] ..TIMER: vector=0x30 apic1=0 pin1=2 apic2=-1 pin2=-1
[    0.008002] tsc: Detected 2693.750 MHz processor
[    0.009352] Calibrating delay loop (skipped) preset value.. 5387.50 BogoMIPS (lpj=10775000)
[    0.012003] pid_max: default: 32768 minimum: 301
[    0.013400] Security Framework initialized
[    0.016002] Yama: becoming mindful.
[    0.017105] AppArmor: AppArmor initialized
[    0.028270] Dentry cache hash table entries: 524288 (order: 10, 4194304 bytes)
[    0.036248] Inode-cache hash table entries: 262144 (order: 9, 2097152 bytes)
[    0.040032] Mount-cache hash table entries: 8192 (order: 4, 65536 bytes)
[    0.041990] Mountpoint-cache hash table entries: 8192 (order: 4, 65536 bytes)
[    0.044486] Last level iTLB entries: 4KB 64, 2MB 8, 4MB 8
[    0.046145] Last level dTLB entries: 4KB 64, 2MB 0, 4MB 0, 1GB 4
[    0.048003] Spectre V1 : Mitigation: usercopy/swapgs barriers and __user pointer sanitization
[    0.050650] Spectre V2 : Mitigation: Full generic retpoline
[    0.052002] Spectre V2 : Spectre v2 / SpectreRSB mitigation: Filling RSB on context switch
[    0.054675] Speculative Store Bypass: Vulnerable
[    0.056040] MDS: Vulnerable: Clear CPU buffers attempted, no microcode
[    0.060352] Freeing SMP alternatives memory: 36K
[    0.172000] smpboot: CPU0: Intel(R) Core(TM) i7-5700HQ CPU @ 2.70GHz (family: 0x6, model: 0x47, stepping: 0x1)
[    0.172000] Performance Events: unsupported p6 CPU model 71 no PMU driver, software events only.
[    0.172043] Hierarchical SRCU implementation.
[    0.174100] NMI watchdog: Perf event create on CPU 0 failed with -2
[    0.176002] NMI watchdog: Perf NMI watchdog permanently disabled
[    0.177914] smp: Bringing up secondary CPUs ...
[    0.184156] x86: Booting SMP configuration:
[    0.188003] .... node  #0, CPUs:      #1
[    0.004000] kvm-clock: cpu 1, msr 1:1ff50041, secondary cpu clock
[    0.192159]  #2
[    0.004000] kvm-clock: cpu 2, msr 1:1ff50081, secondary cpu clock
[    0.196138]  #3
[    0.004000] kvm-clock: cpu 3, msr 1:1ff500c1, secondary cpu clock
[    0.200040] smp: Brought up 1 node, 4 CPUs
[    0.201358] smpboot: Max logical packages: 1
[    0.204005] smpboot: Total of 4 processors activated (21550.00 BogoMIPS)
[    0.206342] devtmpfs: initialized
[    0.208095] x86/mm: Memory block size: 128MB
[    0.210267] evm: security.selinux
[    0.211319] evm: security.SMACK64
[    0.212004] evm: security.SMACK64EXEC
[    0.213157] evm: security.SMACK64TRANSMUTE
[    0.214543] evm: security.SMACK64MMAP
[    0.215822] evm: security.apparmor
[    0.216002] evm: security.ima
[    0.217093] evm: security.capability
[    0.220203] clocksource: jiffies: mask: 0xffffffff max_cycles: 0xffffffff, max_idle_ns: 7645041785100000 ns
[    0.222876] futex hash table entries: 1024 (order: 4, 65536 bytes)
[    0.224096] pinctrl core: initialized pinctrl subsystem
[    0.225898] RTC time:  8:40:31, date: 11/27/19
[    0.228275] NET: Registered protocol family 16
[    0.229897] audit: initializing netlink subsys (disabled)
[    0.232028] audit: type=2000 audit(1574844037.287:1): state=initialized audit_enabled=0 res=1
[    0.232219] cpuidle: using governor ladder
[    0.236008] cpuidle: using governor menu
[    0.237377] ACPI: bus type PCI registered
[    0.238732] acpiphp: ACPI Hot Plug PCI Controller Driver version: 0.5
[    0.240178] PCI: Using configuration type 1 for base access
[    0.246618] HugeTLB registered 2.00 MiB page size, pre-allocated 0 pages
[    0.252210] ACPI: Added _OSI(Module Device)
[    0.253853] ACPI: Added _OSI(Processor Device)
[    0.256004] ACPI: Added _OSI(3.0 _SCP Extensions)
[    0.257487] ACPI: Added _OSI(Processor Aggregator Device)
[    0.260003] ACPI: Added _OSI(Linux-Dell-Video)
[    0.261358] ACPI: Added _OSI(Linux-Lenovo-NV-HDMI-Audio)
[    0.262939] ACPI: Added _OSI(Linux-HPI-Hybrid-Graphics)
[    0.264471] ACPI: Executed 1 blocks of module-level executable AML code
[    0.278941] ACPI: Interpreter enabled
[    0.280000] ACPI: (supports S0 S5)
[    0.280003] ACPI: Using IOAPIC for interrupt routing
[    0.282213] PCI: Using host bridge windows from ACPI; if necessary, use "pci=nocrs" and report a bug
[    0.288400] ACPI: Enabled 2 GPEs in block 00 to 07
[    0.305285] ACPI: PCI Root Bridge [PCI0] (domain 0000 [bus 00-ff])
[    0.307332] acpi PNP0A03:00: _OSC: OS supports [ASPM ClockPM Segments MSI]
[    0.309654] acpi PNP0A03:00: _OSC: not requesting OS control; OS requires [ExtendedConfig ASPM ClockPM MSI]
[    0.312025] acpi PNP0A03:00: fail to add MMCONFIG information, can't access extended PCI configuration space under this bridge.
[    0.316737] PCI host bridge to bus 0000:00
[    0.320000] pci_bus 0000:00: root bus resource [io  0x0000-0x0cf7 window]
[    0.324005] pci_bus 0000:00: root bus resource [io  0x0d00-0xffff window]
[    0.325952] pci_bus 0000:00: root bus resource [mem 0x000a0000-0x000bffff window]
[    0.328000] pci_bus 0000:00: root bus resource [mem 0xe0000000-0xfdffffff window]
[    0.332005] pci_bus 0000:00: root bus resource [bus 00-ff]
[    0.336150] pci 0000:00:01.1: legacy IDE quirk: reg 0x10: [io  0x01f0-0x01f7]
[    0.338206] pci 0000:00:01.1: legacy IDE quirk: reg 0x14: [io  0x03f6]
[    0.340000] pci 0000:00:01.1: legacy IDE quirk: reg 0x18: [io  0x0170-0x0177]
[    0.340010] pci 0000:00:01.1: legacy IDE quirk: reg 0x1c: [io  0x0376]
[    0.397501] pci 0000:00:07.0: quirk: [io  0x4000-0x403f] claimed by PIIX4 ACPI
[    0.400007] pci 0000:00:07.0: quirk: [io  0x4100-0x410f] claimed by PIIX4 SMB
[    0.435050] ACPI: PCI Interrupt Link [LNKA] (IRQs 5 9 10 *11)
[    0.436933] ACPI: PCI Interrupt Link [LNKB] (IRQs 5 9 *10 11)
[    0.439119] ACPI: PCI Interrupt Link [LNKC] (IRQs 5 *9 10 11)
[    0.440269] ACPI: PCI Interrupt Link [LNKD] (IRQs 5 9 10 *11)
[    0.444001] SCSI subsystem initialized
[    0.444050] pci 0000:00:02.0: vgaarb: setting as boot VGA device
[    0.445775] pci 0000:00:02.0: vgaarb: VGA device added: decodes=io+mem,owns=io+mem,locks=none
[    0.448006] pci 0000:00:02.0: vgaarb: bridge control possible
[    0.449680] vgaarb: loaded
[    0.450641] ACPI: bus type USB registered
[    0.452027] usbcore: registered new interface driver usbfs
[    0.453664] usbcore: registered new interface driver hub
[    0.456038] usbcore: registered new device driver usb
[    0.460029] EDAC MC: Ver: 3.0.0
[    0.460322] PCI: Using ACPI for IRQ routing
[    0.461740] NetLabel: Initializing
[    0.464004] NetLabel:  domain hash size = 128
[    0.464004] NetLabel:  protocols = UNLABELED CIPSOv4 CALIPSO
[    0.464025] NetLabel:  unlabeled traffic allowed by default
[    0.468165] clocksource: Switched to clocksource kvm-clock
[    0.520098] VFS: Disk quotas dquot_6.6.0
[    0.521514] VFS: Dquot-cache hash table entries: 512 (order 0, 4096 bytes)
[    0.523681] AppArmor: AppArmor Filesystem Enabled
[    0.525146] pnp: PnP ACPI init
[    0.528523] pnp: PnP ACPI: found 3 devices
[    0.539224] clocksource: acpi_pm: mask: 0xffffff max_cycles: 0xffffff, max_idle_ns: 2085701024 ns
[    0.542272] NET: Registered protocol family 2
[    0.543855] TCP established hash table entries: 32768 (order: 6, 262144 bytes)
[    0.546258] TCP bind hash table entries: 32768 (order: 7, 524288 bytes)
[    0.554225] TCP: Hash tables configured (established 32768 bind 32768)
[    0.556291] UDP hash table entries: 2048 (order: 4, 65536 bytes)
[    0.558289] UDP-Lite hash table entries: 2048 (order: 4, 65536 bytes)
[    0.560325] NET: Registered protocol family 1
[    0.561657] pci 0000:00:00.0: Limiting direct PCI/PCI transfers
[    0.563393] pci 0000:00:01.0: Activating ISA DMA hang workarounds
[    0.565243] pci 0000:00:02.0: Video device with shadowed ROM at [mem 0x000c0000-0x000dffff]
[    0.567897] Unpacking initramfs...
[    1.241358] Freeing initrd memory: 19144K
[    1.242729] PCI-DMA: Using software bounce buffering for IO (SWIOTLB)
[    1.244837] software IO TLB: mapped [mem 0xdbff0000-0xdfff0000] (64MB)
[    1.246861] clocksource: tsc: mask: 0xffffffffffffffff max_cycles: 0x26d42e196c5, max_idle_ns: 440795217887 ns
[    1.249815] platform rtc_cmos: registered platform RTC device (no PNP device found)
[    1.252149] Scanning for low memory corruption every 60 seconds
[    1.255119] Initialise system trusted keyrings
[    1.256561] Key type blacklist registered
[    1.257983] workingset: timestamp_bits=36 max_order=20 bucket_order=0
[    1.262786] zbud: loaded
[    1.264790] squashfs: version 4.0 (2009/01/31) Phillip Lougher
[    1.267022] fuse init (API version 7.26)
[    1.272390] Key type asymmetric registered
[    1.273879] Asymmetric key parser 'x509' registered
[    1.275643] Block layer SCSI generic (bsg) driver version 0.4 loaded (major 246)
[    1.278323] io scheduler noop registered
[    1.279917] io scheduler deadline registered
[    1.281481] io scheduler cfq registered (default)
[    1.283630] ACPI: AC Adapter [AC] (on-line)
[    1.285227] input: Power Button as /devices/LNXSYSTM:00/LNXPWRBN:00/input/input0
[    1.287729] ACPI: Power Button [PWRF]
[    1.289027] input: Sleep Button as /devices/LNXSYSTM:00/LNXSLPBN:00/input/input1
[    1.291292] ACPI: Sleep Button [SLPF]
[    1.294955] ACPI: Battery Slot [BAT0] (battery present)
[    1.298719] Serial: 8250/16550 driver, 32 ports, IRQ sharing enabled
[    1.322485] 00:02: ttyS0 at I/O 0x3f8 (irq = 4, base_baud = 115200) is a 16550A
[    1.329527] Linux agpgart interface v0.103
[    1.333839] loop: module loaded
[    1.336008] scsi host0: ata_piix
[    1.337416] scsi host1: ata_piix
[    1.338635] ata1: PATA max UDMA/33 cmd 0x1f0 ctl 0x3f6 bmdma 0xd000 irq 14
[    1.340697] ata2: PATA max UDMA/33 cmd 0x170 ctl 0x376 bmdma 0xd008 irq 15
[    1.343478] libphy: Fixed MDIO Bus: probed
[    1.344781] tun: Universal TUN/TAP device driver, 1.6
[    1.346356] PPP generic driver version 2.4.2
[    1.347750] ehci_hcd: USB 2.0 'Enhanced' Host Controller (EHCI) Driver
[    1.349625] ehci-pci: EHCI PCI platform driver
[    1.350981] ehci-platform: EHCI generic platform driver
[    1.352521] ohci_hcd: USB 1.1 'Open' Host Controller (OHCI) Driver
[    1.354346] ohci-pci: OHCI PCI platform driver
[    1.355702] ohci-platform: OHCI generic platform driver
[    1.357287] uhci_hcd: USB Universal Host Controller Interface driver
[    1.359160] i8042: PNP: PS/2 Controller [PNP0303:PS2K,PNP0f03:PS2M] at 0x60,0x64 irq 1,12
[    1.362445] serio: i8042 KBD port at 0x60,0x64 irq 1
[    1.363961] serio: i8042 AUX port at 0x60,0x64 irq 12
[    1.365696] mousedev: PS/2 mouse device common for all mice
[    1.368173] input: AT Translated Set 2 keyboard as /devices/platform/i8042/serio0/input/input2
[    1.370830] rtc_cmos rtc_cmos: rtc core: registered rtc_cmos as rtc0
[    1.372888] rtc_cmos rtc_cmos: alarms up to one day, 114 bytes nvram
[    1.374711] i2c /dev entries driver
[    1.375893] device-mapper: uevent: version 1.0.3
[    1.377443] device-mapper: ioctl: 4.37.0-ioctl (2017-09-20) initialised: dm-devel@redhat.com
[    1.380167] ledtrig-cpu: registered to indicate activity on CPUs
[    1.382698] NET: Registered protocol family 10
[    1.395537] Segment Routing with IPv6
[    1.397168] NET: Registered protocol family 17
[    1.398844] Key type dns_resolver registered
[    1.400795] mce: Using 0 MCE banks
[    1.402038] RAS: Correctable Errors collector initialized.
[    1.403663] sched_clock: Marking stable (1400706822, 0)->(2080796977, -680090155)
[    1.407137] registered taskstats version 1
[    1.408459] Loading compiled-in X.509 certificates
[    1.413496] Loaded X.509 cert 'Build time autogenerated kernel key: 01a66adcc10ca4ce7676a3458c33483b0e2b806e'
[    1.416565] zswap: loaded using pool lzo/zbud
[    1.423295] Key type big_key registered
[    1.424560] Key type trusted registered
[    1.428735] Key type encrypted registered
[    1.430530] AppArmor: AppArmor sha1 policy hashing enabled
[    1.432668] ima: No TPM chip found, activating TPM-bypass! (rc=-19)
[    1.435482] ima: Allocated hash algorithm: sha1
[    1.437246] evm: HMAC attrs: 0x1
[    1.438939]   Magic number: 11:41:676
[    1.440747] rtc_cmos rtc_cmos: setting system clock to 2019-11-27 08:40:32 UTC (1574844032)
[    1.443863] BIOS EDD facility v0.16 2004-Jun-25, 0 devices found
[    1.446007] EDD information not available.
[    1.510092] Freeing unused kernel image memory: 2436K
[    1.516169] Write protecting the kernel read-only data: 20480k
[    1.519420] Freeing unused kernel image memory: 2008K
[    1.521691] Freeing unused kernel image memory: 1884K
[    1.553589] x86/mm: Checked W+X mappings: passed, no W+X pages found.
[    1.555629] x86/mm: Checking user space page tables
[    1.586630] x86/mm: Checked W+X mappings: passed, no W+X pages found.
Loading, please wait...
starting version 237
[    1.697539] e1000: Intel(R) PRO/1000 Network Driver - version 7.3.21-k8-NAPI
[    1.700831] e1000: Copyright (c) 1999-2006 Intel Corporation.
[    1.703585] Fusion MPT base driver 3.04.20
[    1.705332] Copyright (c) 1999-2008 LSI Corporation
[    1.715553] Fusion MPT SPI Host driver 3.04.20
[    1.729749] AVX2 version of gcm_enc/dec engaged.
[    1.731375] AES CTR mode by8 optimization enabled
[    1.921699] input: ImExPS/2 Generic Explorer Mouse as /devices/platform/i8042/serio1/input/input4
[    2.153196] e1000 0000:00:03.0 eth0: (PCI:33MHz:32-bit) 02:7c:06:17:a1:8b
[    2.155410] e1000 0000:00:03.0 eth0: Intel(R) PRO/1000 Network Connection
[    2.159370] mptbase: ioc0: Initiating bringup
[    2.729918] ioc0: LSI53C1030 A0: Capabilities={Initiator}
[    3.710723] scsi host2: ioc0: LSI53C1030 A0, FwRev=00000000h, Ports=1, MaxQ=256, IRQ=20
[    4.148738] scsi 2:0:0:0: Direct-Access     VBOX     HARDDISK         1.0  PQ: 0 ANSI: 5
[    4.188249] scsi target2:0:0: Beginning Domain Validation
[    4.202106] scsi target2:0:0: Domain Validation skipping write tests
[    4.204017] scsi target2:0:0: Ending Domain Validation
[    4.205750] scsi target2:0:0: asynchronous
[    4.207906] scsi 2:0:1:0: Direct-Access     VBOX     HARDDISK         1.0  PQ: 0 ANSI: 5
[    4.548456] scsi target2:0:1: Beginning Domain Validation
[    4.551401] random: fast init done
[    4.553836] scsi target2:0:1: Domain Validation skipping write tests
[    4.555733] scsi target2:0:1: Ending Domain Validation
[    4.557608] scsi target2:0:1: asynchronous
[    4.566591] random: systemd-udevd: uninitialized urandom read (16 bytes read)
[    4.568965] random: systemd-udevd: uninitialized urandom read (16 bytes read)
[    4.570972] random: systemd-udevd: uninitialized urandom read (16 bytes read)
[    4.575644] sd 2:0:0:0: Attached scsi generic sg0 type 0
[    4.575860] sd 2:0:0:0: [sda] 20971520 512-byte logical blocks: (10.7 GB/10.0 GiB)
[    4.580258] sd 2:0:0:0: [sda] Write Protect is off
[    4.581875] sd 2:0:1:0: Attached scsi generic sg1 type 0
[    4.582032] sd 2:0:0:0: [sda] Incomplete mode parameter data
[    4.585620] sd 2:0:0:0: [sda] Assuming drive cache: write through
[    4.587396] sd 2:0:1:0: [sdb] 20480 512-byte logical blocks: (10.5 MB/10.0 MiB)
[    4.589784] sd 2:0:1:0: [sdb] Write Protect is off
[    4.591370] sd 2:0:1:0: [sdb] Incomplete mode parameter data
[    4.593057] sd 2:0:1:0: [sdb] Assuming drive cache: write through
[    4.594114] e1000 0000:00:08.0 eth1: (PCI:33MHz:32-bit) 08:00:27:a7:91:63
[    4.597160] e1000 0000:00:08.0 eth1: Intel(R) PRO/1000 Network Connection
[    4.597929]  sda: sda1
[    4.601303] sd 2:0:0:0: [sda] Attached SCSI disk
[    4.601700] e1000 0000:00:03.0 enp0s3: renamed from eth0
[    4.603116] sd 2:0:1:0: [sdb] Attached SCSI disk
[    4.628331] e1000 0000:00:08.0 enp0s8: renamed from eth1
Begin: Loading essential drivers ... [    6.672464] raid6: sse2x1   gen()  2989 MB/s
[    6.720325] raid6: sse2x1   xor()  1937 MB/s
[    6.768138] raid6: sse2x2   gen()  6810 MB/s
[    6.817004] raid6: sse2x2   xor()  3043 MB/s
[    6.864812] raid6: sse2x4   gen()  6559 MB/s
[    6.912654] raid6: sse2x4   xor()  4274 MB/s
[    6.960496] raid6: avx2x1   gen()  5973 MB/s
[    7.008346] raid6: avx2x1   xor()  3144 MB/s
[    7.056166] raid6: avx2x2   gen() 11097 MB/s
[    7.104108] raid6: avx2x2   xor()  5902 MB/s
[    7.152033] raid6: avx2x4   gen() 14758 MB/s
[    7.200671] raid6: avx2x4   xor()  8381 MB/s
[    7.202123] raid6: using algorithm avx2x4 gen() 14758 MB/s
[    7.203957] raid6: .... xor() 8381 MB/s, rmw enabled
[    7.205575] raid6: using avx2x2 recovery algorithm
[    7.208807] xor: automatically using best checksumming function   avx       
[    7.212250] async_tx: api initialized (async)
done.
Begin: Running /scripts/init-premount ... done.
Begin: Mounting root file system ... Begin: Running /scripts/local-top ... done.
Begin: Running /scripts/local-premount ... [    7.296143] Btrfs loaded, crc32c=crc32c-intel
Scanning for Btrfs filesystems
done.
Warning: fsck not present, so skipping root file system
[    7.331065] EXT4-fs (sda1): mounted filesystem with ordered data mode. Opts: (null)
done.
Begin: Running /scripts/local-bottom ... done.
Begin: Running /scripts/init-bottom ... done.
[    7.563933] ip_tables: (C) 2000-2006 Netfilter Core Team
[    7.575751] systemd[1]: systemd 237 running in system mode. (+PAM +AUDIT +SELINUX +IMA +APPARMOR +SMACK +SYSVINIT +UTMP +LIBCRYPTSETUP +GCRYPT +GNUTLS +ACL +XZ +LZ4 +SECCOMP +BLKID +ELFUTILS +KMOD -IDN2 +IDN -PCRE2 default-hierarchy=hybrid)
[    7.582388] systemd[1]: Detected virtualization oracle.
[    7.584237] systemd[1]: Detected architecture x86-64.

Welcome to [1mUbuntu 18.04.3 LTS[0m!

[    7.597052] systemd[1]: Set hostname to <ubuntu>.
[    7.601570] systemd[1]: Initializing machine ID from random generator.
[    7.603551] systemd[1]: Installed transient /etc/machine-id file.
[    7.878012] systemd[1]: Started Forward Password Requests to Wall Directory Watch.
[[0;32m  OK  [0m] Started Forward Password Requests to Wall Directory Watch.
[    7.882071] systemd[1]: Set up automount Arbitrary Executable File Formats File System Automount Point.
[[0;32m  OK  [0m] Set up automount Arbitrary Executab…rmats File System Automount Point.
[    7.890784] systemd[1]: Created slice System Slice.
[[0;32m  OK  [0m] Created slice System Slice.
[    7.893683] systemd[1]: Listening on Network Service Netlink Socket.
[[0;32m  OK  [0m] Listening on Network Service Netlink Socket.
[[0;32m  OK  [0m] Listening on Journal Audit Socket.
[[0;32m  OK  [0m] Listening on /dev/initctl Compatibility Named Pipe.
[[0;32m  OK  [0m] Listening on Journal Socket.
         Mounting POSIX Message Queue File System...
         Starting Create list of required st…ce nodes for the current kernel...
         Starting Uncomplicated firewall...
[[0;32m  OK  [0m] Listening on Syslog Socket.
         Starting Load Kernel Modules...
         Starting Remount Root and Kernel File Systems...
[[0;32m  OK  [0m] Listening on Journal Socket (/dev/log).
         Starting Journal Service...
         Starting Set the console keyboard layout...
         Mounting Kernel Debug File System...
[[0;32m  OK  [0m] Listening on LVM2 poll daemon socket.
[[0;32m  OK  [0m] Listening on udev Kernel Socket.
[[0;32m  OK  [0m] Listening on LVM2 metadata daemon socket.
[[0;32m  OK  [0m] Created slice system-serial\x2dgetty.slice.
[[0;32m  OK  [0m] Listening on udev Control Socket.
[[    7.943297] Loading iSCSI transport class v2.0-870.
[0;32m  OK  [0m] Reached target User and Group Name Lookups.
         Starting udev Coldplug all Devices...
[[0;32m  OK  [0m] Reached target Swap.
[[0;32m  OK  [0m] Created slice User and Session Slice.
[[0;32m  OK  [0m] Reached target Slices.
[    7.970529] iscsi: registered transport (tcp)
[[0;32m  OK  [0m] Reached target System Time Synchronized.
         Mounting Huge Pages File System...
[[0;32m  OK  [0m] Listening on Device-mapper event daemon FIFOs.
         Starting Monitoring of LVM2 mirrors…ng dmeventd or progress polling...
[[0;32m  OK  [0m] Mounted POSIX Message Queue File System.
[[0;32m  OK  [0m] Started Create list of required sta…vice nodes for the current kernel.
[[0;32m  OK  [0m] Started Uncomplicated firewall.
[[0;32m  OK  [0m] Mounted Kernel Debug File System.
[[0;32m  OK  [0m] Mounted Huge Pages File System.
[    8.028234] EXT4-fs (sda1): re-mounted. Opts: (null)
         Starting Create Static Device Nodes in /dev...
[[0;32m  OK  [0m] Started Remount Root and Kernel File Systems.
         Starting Load/Save Random Seed...
[[0;32m  OK  [0m] Started Create Static Device Nodes in /dev.
[[0;32m  OK  [0m] Started Journal Service.
[[0;32m  OK  [0m] Started udev Coldplug all Devices.
         Starting Flush Journal to Persistent Storage...
         Starting udev Kernel Device Manager...
[    8.115631] iscsi: registered transport (iser)
[[0;32m  OK  [0m] Started Load Kernel Modules.
         Mounting FUSE Control File System...
         Mounting Kernel Configuration File System...
         Starting Apply Kernel Variables...
[[0;32m  OK  [0m] Mounted FUSE Control File System.
[[0;32m  OK  [0m] Mounted Kernel Configuration File System.
[[0;32m  OK  [0m] Started Load/Save Random Seed.
[[0;32m  OK  [0m] Started udev Kernel Device Manager.
[[0;32m  OK  [0m] Started LVM2 metadata daemon.
[    8.232538] systemd-journald[414]: Received request to flush runtime journal from PID 1
[[0;32m  OK  [0m] Started Apply Kernel Variables.
[[0;32m  OK  [0m] Started Monitoring of LVM2 mirrors,…sing dmeventd or progress polling.
[[0;32m  OK  [0m] Started Flush Journal to Persistent Storage.
[[0;32m  OK  [0m] Found device /dev/ttyS0.
[[0;32m  OK  [0m] Listening on Load/Save RF Kill Switch Status /dev/rfkill Watch.
[[0;32m  OK  [0m] Started Set the console keyboard layout.
[[0;32m  OK  [0m] Reached target Local File Systems (Pre).
[[0;32m  OK  [0m] Reached target Local File Systems.
         Starting Create Volatile Files and Directories...
         Starting Tell Plymouth To Write Out Runtime Data...
         Starting Commit a transient machine-id on disk...
         Starting ebtables ruleset management...
         Starting AppArmor initialization...
         Starting Set console font and keymap...
[[0;32m  OK  [0m] Started Dispatch Password Requests to Console Directory Watch.
[[0;32m  OK  [0m] Reached target Local Encrypted Volumes.
[[0;32m  OK  [0m] Started Create Volatile Files and Directories.
         Starting Update UTMP about System Boot/Shutdown...
[[0;32m  OK  [0m] Started Tell Plymouth To Write Out Runtime Data.
[[0;32m  OK  [0m] Started Set console font and keymap.
[[0;32m  OK  [0m] Started Update UTMP about System Boot/Shutdown.
[[0;32m  OK  [0m] Started Commit a transient machine-id on disk.
[[0;32m  OK  [0m] Started ebtables ruleset management.
[[0;32m  OK  [0m] Started AppArmor initialization.
         Starting Initial cloud-init job (pre-networking)...
[   12.919742] cloud-init[694]: Cloud-init v. 19.2-36-g059d049c-0ubuntu2~18.04.1 running 'init-local' at Wed, 27 Nov 2019 08:40:43 +0000. Up 12.30 seconds.
[[0;32m  OK  [0m] Started Initial cloud-init job (pre-networking).
[[0;32m  OK  [0m] Reached target Network (Pre).
         Starting Network Service...
[[0;32m  OK  [0m] Started Network Service.
         Starting Network Name Resolution...
         Starting Wait for Network to be Configured...
[[0;32m  OK  [0m] Started Network Name Resolution.
[[0;32m  OK  [0m] Reached target Host and Network Name Lookups.
[[0;32m  OK  [0m] Reached target Network.
[[0;32m  OK  [0m] Started Wait for Network to be Configured.
         Starting Initial cloud-init job (metadata service crawler)...
[   15.354113] cloud-init[807]: Cloud-init v. 19.2-36-g059d049c-0ubuntu2~18.04.1 running 'init' at Wed, 27 Nov 2019 08:40:46 +0000. Up 15.07 seconds.
[   15.356629] cloud-init[807]: ci-info: ++++++++++++++++++++++++++++++++++++++Net device info++++++++++++++++++++++++++++++++++++++
[   15.358532] cloud-init[807]: ci-info: +--------+-------+---------------------------+---------------+--------+-------------------+
[   15.360723] cloud-init[807]: ci-info: | Device |   Up  |          Address          |      Mask     | Scope  |     Hw-Address    |
[   15.362991] cloud-init[807]: ci-info: +--------+-------+---------------------------+---------------+--------+-------------------+
[   15.364856] cloud-init[807]: ci-info: | enp0s3 |  True |         10.0.2.15         | 255.255.255.0 | global | 02:7c:06:17:a1:8b |
[   15.366834] cloud-init[807]: ci-info: | enp0s3 |  True | fe80::7c:6ff:fe17:a18b/64 |       .       |  link  | 02:7c:06:17:a1:8b |
[   15.369085] cloud-init[807]: ci-info: | enp0s8 | False |             .             |       .       |   .    | 08:00:27:a7:91:63 |
[   15.371013] cloud-init[807]: ci-info: |   lo   |  True |         127.0.0.1         |   255.0.0.0   |  host  |         .         |
[   15.372894] cloud-init[807]: ci-info: |   lo   |  True |          ::1/128          |       .       |  host  |         .         |
[   15.375562] cloud-init[807]: ci-info: +--------+-------+---------------------------+---------------+--------+-------------------+
[   15.378141] cloud-init[807]: ci-info: ++++++++++++++++++++++++++++Route IPv4 info+++++++++++++++++++++++++++++
[   15.379806] cloud-init[807]: ci-info: +-------+-------------+----------+-----------------+-----------+-------+
[   15.381883] cloud-init[807]: ci-info: | Route | Destination | Gateway  |     Genmask     | Interface | Flags |
[   15.385070] cloud-init[807]: ci-info: +-------+-------------+----------+-----------------+-----------+-------+
[   15.387305] cloud-init[807]: ci-info: |   0   |   0.0.0.0   | 10.0.2.2 |     0.0.0.0     |   enp0s3  |   UG  |
[   15.389859] cloud-init[807]: ci-info: |   1   |   10.0.2.0  | 0.0.0.0  |  255.255.255.0  |   enp0s3  |   U   |
[   15.392270] cloud-init[807]: ci-info: |   2   |   10.0.2.2  | 0.0.0.0  | 255.255.255.255 |   enp0s3  |   UH  |
[   15.394330] cloud-init[807]: ci-info: +-------+-------------+----------+-----------------+-----------+-------+
[   15.397033] cloud-init[807]: ci-info: +++++++++++++++++++Route IPv6 info+++++++++++++++++++
[   15.399459] cloud-init[807]: ci-info: +-------+-------------+---------+-----------+-------+
[   15.402430] cloud-init[807]: ci-info: | Route | Destination | Gateway | Interface | Flags |
[   15.405165] cloud-init[807]: ci-info: +-------+-------------+---------+-----------+-------+
[   15.408195] cloud-init[807]: ci-info: |   1   |  fe80::/64  |    ::   |   enp0s3  |   U   |
[   15.410313] cloud-init[807]: ci-info: |   3   |    local    |    ::   |   enp0s3  |   U   |
[   15.412243] cloud-init[807]: ci-info: |   4   |   ff00::/8  |    ::   |   enp0s3  |   U   |
[   15.414112] cloud-init[807]: ci-info: +-------+-------------+---------+-----------+-------+
[   16.199007] cloud-init[807]: Generating public/private rsa key pair.
[   16.200167] cloud-init[807]: Your identification has been saved in /etc/ssh/ssh_host_rsa_key.
[   16.202773] cloud-init[807]: Your public key has been saved in /etc/ssh/ssh_host_rsa_key.pub.
[   16.205058] cloud-init[807]: The key fingerprint is:
[   16.206593] cloud-init[807]: SHA256:sNFpkk6+1RMnJR4cmM5iGvboGmFr9fB9u0OWgRvcues root@ubuntu-bionic
[   16.209082] cloud-init[807]: The key's randomart image is:
[   16.210472] cloud-init[807]: +---[RSA 2048]----+
[   16.211339] cloud-init[807]: |         ++..    |
[   16.212274] cloud-init[807]: |       ooo.+     |
[   16.213352] cloud-init[807]: |      *++o+..    |
[   16.214514] cloud-init[807]: |    o+o**.++     |
[   16.215766] cloud-init[807]: |  o.o*+.Soo+     |
[   16.217548] cloud-init[807]: | . +o+.+. =.     |
[   16.218926] cloud-init[807]: |  +.  + .o..     |
[   16.220269] cloud-init[807]: | . ..    .o.     |
[   16.221543] cloud-init[807]: |  ..     .Eo     |
[   16.222795] cloud-init[807]: +----[SHA256]-----+
[   16.224071] cloud-init[807]: Generating public/private dsa key pair.
[   16.225649] cloud-init[807]: Your identification has been saved in /etc/ssh/ssh_host_dsa_key.
[   16.227056] cloud-init[807]: Your public key has been saved in /etc/ssh/ssh_host_dsa_key.pub.
[   16.229023] cloud-init[807]: The key fingerprint is:
[   16.230292] cloud-init[807]: SHA256:Wso9eXbId7d9N5SSPUIpnI0LqCA3zx/0wXSQZ++vV9E root@ubuntu-bionic
[   16.232083] cloud-init[807]: The key's randomart image is:
[   16.233602] cloud-init[807]: +---[DSA 1024]----+
[   16.234870] cloud-init[807]: |         .o      |
[   16.236112] cloud-init[807]: |         o +     |
[   16.237148] cloud-init[807]: |        + = = . .|
[   16.238173] cloud-init[807]: | . +   o + = = .E|
[   16.239143] cloud-init[807]: |  o = o S o = o o|
[   16.240380] cloud-init[807]: |     = * + o = =.|
[   16.241528] cloud-init[807]: |      = = = o * +|
[   16.242627] cloud-init[807]: |       . + o . ==|
[   16.243737] cloud-init[807]: |             .o.=|
[   16.244864] cloud-init[807]: +----[SHA256]-----+
[   16.245943] cloud-init[807]: Generating public/private ecdsa key pair.
[   16.247316] cloud-init[807]: Your identification has been saved in /etc/ssh/ssh_host_ecdsa_key.
[   16.249039] cloud-init[807]: Your public key has been saved in /etc/ssh/ssh_host_ecdsa_key.pub.
[   16.250793] cloud-init[807]: The key fingerprint is:
[   16.251927] cloud-init[807]: SHA256:6//iRGfMoRxVjOV9HkOF/5QObbweK6AetJhzOv92ndo root@ubuntu-bionic
[   16.253709] cloud-init[807]: The key's randomart image is:
[   16.254970] cloud-init[807]: +---[ECDSA 256]---+
[   16.256192] cloud-init[807]: |            .=ooo|
[   16.257412] cloud-init[807]: |           ...+. |
[   16.258647] cloud-init[807]: |          . . +++|
[   16.259843] cloud-init[807]: |         . = o **|
[   16.260920] cloud-init[807]: |        S.+ = +.+|
[   16.262151] cloud-init[807]: |        +o.+   +.|
[   16.263396] cloud-init[807]: |       +.+o . o +|
[   16.264664] cloud-init[807]: |       o+oo. o.= |
[   16.265911] cloud-init[807]: |       .===+o.oE |
[   16.267249] cloud-init[807]: +----[SHA256]-----+
[   16.268704] cloud-init[807]: Generating public/private ed25519 key pair.
[   16.270306] cloud-init[807]: Your identification has been saved in /etc/ssh/ssh_host_ed25519_key.
[   16.272542] cloud-init[807]: Your public key has been saved in /etc/ssh/ssh_host_ed25519_key.pub.[[0;32m  OK  [0m] Started Initial cloud-init job (metadata service crawler).
[[0;32m  OK  [0m] Reached target Cloud-config availability.
[[0;32m  OK  [0m] Reached target System Initialization.
[[0;32m  OK  [0m
] [   16.280351] cloud-init[807]: The key fingerprint is:
[   16.280483] cloud-init[807]: SHA256:CXwvuYQROkFCw86ChIaeiwm8PiYvGrwAXd5GzJtBh98 root@ubuntu-bionic
[   16.281749] cloud-init[807]: The key's randomart image is:
[   16.282958] cloud-init[807]: +--[ED25519 256]--+
[   16.283174] cloud-init[807]: |oo+.o o..        |
[   16.283922] cloud-init[807]: |oo.o B.o         |
[   16.285110] cloud-init[807]: |*o. + O...       |
[   16.285749] cloud-init[807]: |+=oo + O.+E      |
[   16.286519] cloud-init[807]: |+o+ . * S .      |
[   16.286771] cloud-init[807]: |=o   . . o       |
[   16.286950] cloud-init[807]: |+.      .        |
[   16.287869] cloud-init[807]: |+=.              |
[   16.288959] cloud-init[807]: |=+o              |
[   16.290014] cloud-init[807]: +----[SHA256]-----+
Started Message of the Day.
[[0;32m  OK  [0m] Started ACPI Events Check.
[[0;32m  OK  [0m] Reached target Paths.
[[0;32m  OK  [0m] Listening on UUID daemon activation socket.
         Starting Socket activation for snappy daemon.
[[0;32m  OK  [0m] Started Daily Cleanup of Temporary Directories.
[[0;32m  OK  [0m] Started Daily apt download activities.
[[0;32m  OK  [0m] Started Discard unused blocks once a week.
[[0;32m  OK  [0m] Listening on D-Bus System Message Bus Socket.
[[0;32m  OK  [0m] Listening on Open-iSCSI iscsid Socket.
[[0;32m  OK  [0m] Listening on ACPID Listen Socket.
[[0;32m  OK  [0m] Started Daily apt upgrade and clean activities.
[[0;32m  OK  [0m] Reached target Timers.
         Starting LXD - unix socket.
[[0;32m  OK  [0m] Reached target Network is Online.
         Starting Availability of block devices...
[[0;32m  OK  [0m] Reached target Remote File Systems (Pre).
[[0;32m  OK  [0m] Reached target Remote File Systems.
[[0;32m  OK  [0m] Listening on Socket activation for snappy daemon.
[[0;32m  OK  [0m] Listening on LXD - unix socket.
[[0;32m  OK  [0m] Reached target Sockets.
[[0;32m  OK  [0m] Reached target Basic System.
[[0;32m  OK  [0m] Started FUSE filesystem for LXC.
         Starting System Logging Service...
         Starting LSB: automatic crash report generation...
[[0;32m  OK  [0m] Started D-Bus System Message Bus.
[[0;32m  OK  [0m] Started irqbalance daemon.
         Starting LXD - container startup/shutdown...
         Starting Permit User Sessions...
         Starting Virtualbox guest utils...
         Starting Snappy daemon...
[[0;32m  OK  [0m] Started Deferred execution scheduler.
[[0;32m  OK  [0m] Started Regular background program processing daemon.
         Starting Dispatcher daemon for systemd-networkd...
         Starting Pollinate to seed the pseudo random number generator...
         Starting LSB: Record successful boot for GRUB...
         Starting Accounts Service...
         Starting Login Service...
[[0;32m  OK  [0m] Started System Logging Service.
[[0;32m  OK  [0m] Started Availability of block devices.
[[0;32m  OK  [0m] Started LXD - container startup/shutdown.
[[0;32m  OK  [0m] Started Permit User Sessions.
         Starting Terminate Plymouth Boot Screen...
         Starting Hold until boot process finishes up...
[[0;32m  OK  [0m] Started Hold until boot process finishes up.
[[0;32m  OK  [0m] Started Serial Getty on ttyS0.
         Starting Set console scheme...
[[0;32m  OK  [0m] Started Terminate Plymouth Boot Screen.
[[0;32m  OK  [0m] Started Set console scheme.
[[0;32m  OK  [0m] Created slice system-getty.slice.
[[0;32m  OK  [0m] Started Getty on tty1.
[[0;32m  OK  [0m] Reached target Login Prompts.
[[0;32m  OK  [0m] Started Login Service.
[[0;32m  OK  [0m] Started Unattended Upgrades Shutdown.
[[0;32m  OK  [0m] Started LSB: automatic crash report generation.
[[0;32m  OK  [0m] Started Virtualbox guest utils.
         Starting Authorization Manager...
[[0;32m  OK  [0m] Started LSB: Record successful boot for GRUB.
[[0;32m  OK  [0m] Started Authorization Manager.
[[0;32m  OK  [0m] Started Accounts Service.
[[0;32m  OK  [0m] Started Dispatcher daemon for systemd-networkd.
[[0;32m  OK  [0m] Started Snappy daemon.
         Starting Wait until snapd is fully seeded...
[[0;32m  OK  [0m] Started Pollinate to seed the pseudo random number generator.
         Starting OpenBSD Secure Shell server...
[[0;32m  OK  [0m] Started OpenBSD Secure Shell server.
[[0;32m  OK  [0m] Created slice User Slice of vagrant.
         Starting User Manager for UID 1000...
[[0;32m  OK  [0m] Started Session 1 of user vagrant.
[[0;32m  OK  [0m] Started User Manager for UID 1000.
[[0;32m  OK  [0m] Started Wait until snapd is fully seeded.
         Starting Apply the settings specified in cloud-config...
[[0;32m  OK  [0m] Reached target Multi-User System.
[[0;32m  OK  [0m] Reached target Graphical Interface.
         Starting Update UTMP about System Runlevel Changes...
[[0;32m  OK  [0m] Started Update UTMP about System Runlevel Changes.
[   21.009847] cloud-init[1380]: Cloud-init v. 19.2-36-g059d049c-0ubuntu2~18.04.1 running 'modules:config' at Wed, 27 Nov 2019 08:40:50 +0000. Up 19.63 seconds.
[[0;32m  OK  [0m] Started Apply the settings specified in cloud-config.
         Starting Execute cloud user/final scripts...
ci-info: no authorized ssh keys fingerprints found for user ubuntu.
<14>Nov 27 08:40:53 ec2: 
<14>Nov 27 08:40:53 ec2: #############################################################
<14>Nov 27 08:40:53 ec2: -----BEGIN SSH HOST KEY FINGERPRINTS-----
<14>Nov 27 08:40:53 ec2: 1024 SHA256:Wso9eXbId7d9N5SSPUIpnI0LqCA3zx/0wXSQZ++vV9E root@ubuntu-bionic (DSA)
<14>Nov 27 08:40:53 ec2: 256 SHA256:6//iRGfMoRxVjOV9HkOF/5QObbweK6AetJhzOv92ndo root@ubuntu-bionic (ECDSA)
<14>Nov 27 08:40:53 ec2: 256 SHA256:CXwvuYQROkFCw86ChIaeiwm8PiYvGrwAXd5GzJtBh98 root@ubuntu-bionic (ED25519)
<14>Nov 27 08:40:53 ec2: 2048 SHA256:sNFpkk6+1RMnJR4cmM5iGvboGmFr9fB9u0OWgRvcues root@ubuntu-bionic (RSA)
<14>Nov 27 08:40:53 ec2: -----END SSH HOST KEY FINGERPRINTS-----
<14>Nov 27 08:40:53 ec2: #############################################################
-----BEGIN SSH HOST KEY KEYS-----
ecdsa-sha2-nistp256 AAAAE2VjZHNhLXNoYTItbmlzdHAyNTYAAAAIbmlzdHAyNTYAAABBBO9NqxVeapmTrcqXsS+y3EsXR0TDPebrWjHRqkoLhUX5lkmpooZ2aT89fmq+/COfjYNMixpOVa8ht3RaDhxD4+c= root@ubuntu-bionic
ssh-ed25519 AAAAC3NzaC1lZDI1NTE5AAAAIE0Y3h8bR6mO7coLndOgqSBCu7VwaaxkZqTcthFTKjJb root@ubuntu-bionic
ssh-rsa AAAAB3NzaC1yc2EAAAADAQABAAABAQDFAnS3K5r9oW0sGHBqafWLTw14ySbtqGr6NV10weYYUJkDVZWdlVSoINv1tP0MW6Nzi1IAvhNeVjJe/ViSs1AHzqGlQLIRS+n1AqJXUo37UGAVePnzDJwEtCA33akDMPzV3AmcT69IINGm6oZsF92fJjiqp5R0YTEKA3wLyjuM0raaDjprWVulv1j4hL2MTAQStmoZAv/kaEH+oepmW43KM7rtCDWMuu7LKeyRNRaSLV9VKNk36gM5ECNwPb+ZkxZYM9fRKdW+KOY+MDH4Qyk3KgOvOfFylsA3IoNTk6jftkPpPVkirgT91SUeqtQJLsbiIVs1ynM4a3QWMsQCaiER root@ubuntu-bionic
-----END SSH HOST KEY KEYS-----
[   22.339101] cloud-init[1528]: Cloud-init v. 19.2-36-g059d049c-0ubuntu2~18.04.1 running 'modules:final' at Wed, 27 Nov 2019 08:40:53 +0000. Up 22.02 seconds.
[   22.342004] cloud-init[1528]: ci-info: no authorized ssh keys fingerprints found for user ubuntu.
[   22.344032] cloud-init[1528]: Cloud-init v. 19.2-36-g059d049c-0ubuntu2~18.04.1 finished at Wed, 27 Nov 2019 08:40:53 +0000. Datasource DataSourceNoCloud [seed=/dev/sdb][dsmode=net].  Up 22.32 seconds

Ubuntu 18.04.3 LTS ubuntu-bionic ttyS0

ubuntu-bionic login: 